2026-04-29 11:27:52,370 - INFO - Collecte RTE...
2026-04-29 11:30:28,934 - INFO - Collecte RTE...
2026-04-29 11:30:29,029 - INFO - Collecte Open-Meteo...
2026-04-29 11:30:29,047 - INFO - Chargement CSV éCO2mix...
2026-04-29 11:30:29,468 - INFO - Agrégation des sources...
2026-04-29 11:30:29,536 - INFO - Dataset généré : output\solarflow_2026-01-01_2026-04-27.csv (2808 lignes)
2026-04-29 11:33:00,787 - INFO - Collecte RTE...
2026-04-29 11:33:00,881 - INFO - Collecte Open-Meteo...
2026-04-29 11:33:00,898 - INFO - Chargement CSV éCO2mix...
2026-04-29 11:33:01,270 - INFO - Agrégation des sources...
2026-04-29 11:33:01,336 - INFO - Dataset généré : output\solarflow_2026-01-01_2026-04-27.csv (2808 lignes)
2026-04-29 11:35:25,334 - INFO - Collecte RTE...
2026-04-29 11:35:25,432 - INFO - Collecte Open-Meteo...
2026-04-29 11:35:25,450 - INFO - Chargement CSV éCO2mix...
2026-04-29 11:35:25,849 - INFO - Agrégation des sources...
2026-04-29 11:35:25,908 - INFO - Dataset généré : output\solarflow_2026-01-01_2026-04-27.csv (2808 lignes)
2026-04-29 11:37:04,693 - INFO - Collecte RTE...
2026-04-29 11:37:04,778 - INFO - Collecte Open-Meteo...
2026-04-29 11:37:04,797 - INFO - Chargement CSV éCO2mix...
2026-04-29 11:37:05,273 - INFO - Agrégation des sources...
2026-04-29 11:37:05,348 - INFO - Dataset généré : output\solarflow_2026-01-01_2026-04-27.csv (2808 lignes)
2026-04-29 11:37:44,838 - INFO - SolarFlow dÃĐmarrÃĐ â pÃĐriode : 2026-01-01 â 2026-04-27
2026-04-29 11:37:44,839 - INFO - Collecte RTE...
2026-04-29 11:37:44,928 - INFO - Collecte Open-Meteo...
2026-04-29 11:37:44,928 - INFO - RÃĐcupÃĐration irradiance Open-Meteo (43.6115, 3.8772) pour la pÃĐriode 2026-01-01 â 2026-04-27
2026-04-29 11:37:44,929 - INFO -   â chargement depuis le cache local
2026-04-29 11:37:44,935 - INFO -   â 2808 enregistrements rÃĐcupÃĐrÃĐs depuis Open-Meteo
2026-04-29 11:37:44,935 - INFO - Chargement CSV ÃĐCO2mix...
2026-04-29 11:37:45,328 - INFO - AgrÃĐgation des sources...
2026-04-29 11:37:45,391 - INFO - Dataset gÃĐnÃĐrÃĐ : output\solarflow_2026-01-01_2026-04-27.csv (2808 lignes)
2026-04-29 11:38:56,715 - INFO - SolarFlow dÃĐmarrÃĐ â pÃĐriode : 2026-01-01 â 2026-04-27
2026-04-29 11:38:56,716 - INFO - Collecte RTE...
2026-04-29 11:38:56,811 - INFO - Collecte Open-Meteo...
2026-04-29 11:38:56,812 - INFO - RÃĐcupÃĐration irradiance Open-Meteo (43.6115, 3.8772) pour la pÃĐriode 2026-01-01 â 2026-04-27
2026-04-29 11:38:56,812 - INFO -   â chargement depuis le cache local
2026-04-29 11:38:56,821 - INFO -   â 2808 enregistrements rÃĐcupÃĐrÃĐs depuis Open-Meteo
2026-04-29 11:38:56,821 - INFO - Chargement CSV ÃĐCO2mix...
2026-04-29 11:38:57,273 - INFO - AgrÃĐgation des sources...
2026-04-29 11:38:57,346 - INFO - Dataset gÃĐnÃĐrÃĐ : output\solarflow_2026-01-01_2026-04-27.csv (2808 lignes)
2026-04-29 11:42:50,934 - INFO - SolarFlow dÃĐmarrÃĐ â pÃĐriode : 2026-01-01 â 2026-04-27
2026-04-29 11:42:50,934 - INFO - Collecte RTE...
2026-04-29 11:42:50,935 - INFO - RÃĐcupÃĐration production RTE du 2026-01-01 au 2026-04-27...
2026-04-29 11:42:50,936 - INFO -   â chargement depuis le cache local
2026-04-29 11:42:51,110 - INFO -   â 2750 enregistrements rÃĐcupÃĐrÃĐs depuis RTE
2026-04-29 11:42:51,120 - INFO - Collecte Open-Meteo...
2026-04-29 11:42:51,121 - INFO - RÃĐcupÃĐration irradiance Open-Meteo (43.6115, 3.8772) pour la pÃĐriode 2026-01-01 â 2026-04-27
2026-04-29 11:42:51,122 - INFO -   â chargement depuis le cache local
2026-04-29 11:42:51,134 - INFO -   â 2808 enregistrements rÃĐcupÃĐrÃĐs depuis Open-Meteo
2026-04-29 11:42:51,135 - INFO - Chargement CSV ÃĐCO2mix...
2026-04-29 11:42:51,656 - INFO - AgrÃĐgation des sources...
2026-04-29 11:42:51,782 - INFO - Dataset gÃĐnÃĐrÃĐ : output\solarflow_2026-01-01_2026-04-27.csv (2808 lignes)
